<?xml version="1.0" encoding="UTF-8" ?>
<testsuite failures="0" time="0.015" errors="0" skipped="0" tests="3" name="es.uah.mat.sigueme.simulador.RecepcionTarjetasTest">
  <properties>
[...]
</properties>
  <testcase time="0" classname="es.uah.mat.sigueme.simulador.RecepcionTarjetasTest" name="deberíaDarmeLaTarjetaQueNoSeEsteUtilizando"/>
  <testcase time="0" classname="es.uah.mat.sigueme.simulador.RecepcionTarjetasTest" name="deberiaRetornarNullCuandoNoExisteMasTarjetasLibrs"/>
  <testcase time="0.015" classname="es.uah.mat.sigueme.simulador.RecepcionTarjetasTest" name="deberiaAnadirLaTarjetaALibresCuandoDevueltoLaTarjeta"/>
</testsuite>